<?xml version="1.0" encoding="UTF-8"?>
<testng-results ignored="0" total="0" passed="0"
	failed="0" skipped="0">
	<reporter-output>
	</reporter-output>
	<suite started-at="2022-03-02T12:20:37 ART" name="Default suite"
		finished-at="2022-03-02T12:20:37 ART" duration-ms="27">
		<groups>
		</groups>
		<test started-at="2022-03-02T12:20:37 ART" name="Default test"
			finished-at="2022-03-02T12:20:37 ART" duration-ms="27">
		</test> <!-- Default test -->
	</suite> <!-- Default suite -->
</testng-results>
